\BOOKMARK [0][-]{chapter.1}{INTRODU\307\303O}{}% 1
\BOOKMARK [1][-]{section.1.1}{Motiva\347\343o}{chapter.1}% 2
\BOOKMARK [1][-]{section.1.2}{Objetivos}{chapter.1}% 3
\BOOKMARK [1][-]{section.1.3}{Estrutura do Trabalho}{chapter.1}% 4
\BOOKMARK [0][-]{chapter.2}{Metodologia de Pesquisa}{}% 5
\BOOKMARK [1][-]{section.2.1}{Classifica\347\343o da Pesquisa}{chapter.2}% 6
\BOOKMARK [1][-]{section.2.2}{M\351todo de Pesquisa}{chapter.2}% 7
\BOOKMARK [0][-]{chapter.3}{LINHAS DE PRODUTOS DE SOFTWARE - ESTADO DA ARTE}{}% 8
\BOOKMARK [1][-]{section.3.1}{Considera\347\365es iniciais}{chapter.3}% 9
\BOOKMARK [1][-]{section.3.2}{Caracter\355sticas e Produtos}{chapter.3}% 10
\BOOKMARK [2][-]{subsection.3.2.1}{Variabilidades}{section.3.2}% 11
\BOOKMARK [1][-]{section.3.3}{Processo de Desenvolvimento}{chapter.3}% 12
\BOOKMARK [1][-]{section.3.4}{Evolu\347\343o}{chapter.3}% 13
\BOOKMARK [1][-]{section.3.5}{Clonagem de c\363digo}{chapter.3}% 14
\BOOKMARK [1][-]{section.3.6}{Considera\347\365es finais}{chapter.3}% 15
\BOOKMARK [0][-]{chapter.4}{CLONAGEM DE C\323DIGO - ESTADO DA ARTE}{}% 16
\BOOKMARK [1][-]{section.4.1}{Considera\347\365es iniciais}{chapter.4}% 17
\BOOKMARK [1][-]{section.4.2}{INTRODU\307\303O}{chapter.4}% 18
\BOOKMARK [1][-]{section.4.3}{Background}{chapter.4}% 19
\BOOKMARK [1][-]{section.4.4}{Planejamento do Estudo Explorat\363rio}{chapter.4}% 20
\BOOKMARK [2][-]{subsection.4.4.1}{Quest\365es de pesquisa}{section.4.4}% 21
\BOOKMARK [2][-]{subsection.4.4.2}{Estrat\351gia de Pesquisa}{section.4.4}% 22
\BOOKMARK [2][-]{subsection.4.4.3}{Crit\351rio de Inclus\343o/Exclus\343o}{section.4.4}% 23
\BOOKMARK [1][-]{section.4.5}{Resultados}{chapter.4}% 24
\BOOKMARK [2][-]{subsection.4.5.1}{Caracter\355sticas Gerais dos Trabalhos Selecionados}{section.4.5}% 25
\BOOKMARK [2][-]{subsection.4.5.2}{Resposta \340s Quest\365es de Pesquisa}{section.4.5}% 26
\BOOKMARK [1][-]{section.4.6}{Discuss\343o}{chapter.4}% 27
\BOOKMARK [1][-]{section.4.7}{Trabalhos Relacionados}{chapter.4}% 28
\BOOKMARK [1][-]{section.4.8}{Amea\347as a validade}{chapter.4}% 29
\BOOKMARK [1][-]{section.4.9}{Considera\347\365es Finais}{chapter.4}% 30
\BOOKMARK [0][-]{chapter.5}{ABORDAGEM}{}% 31
\BOOKMARK [0][-]{chapter.6}{FERRAMENTA }{}% 32
\BOOKMARK [0][-]{chapter.7}{AVALIA\307\303O}{}% 33
\BOOKMARK [0][-]{chapter.8}{AMEA\307A A VALIDADE}{}% 34
\BOOKMARK [0][-]{chapter.9}{TRABALHOS RELACIONADOS }{}% 35
\BOOKMARK [0][-]{chapter.10}{CONSIDERA\307\325ES FINAIS}{}% 36
\BOOKMARK [0][-]{chapter.11}{CONCLUS\303O}{}% 37
\BOOKMARK [0][-]{section*.12}{ REFER\312NCIAS}{}% 38
\BOOKMARK [0][-]{section*.14}{ APENDICE A \205 O que s\343o ap\352ndices}{}% 39
